make.exe all --print-data-base --no-builtin-variables --no-builtin-rules --question
process_begin: CreateProcess(NULL, pwd, ...) failed.
make.exe: Makefile:2: pipe: No error

# GNU Make 4.2.1
# Built for x86_64-w64-mingw32
# Copyright (C) 1988-2016 Free Software Foundation, Inc.
# License GPLv3+: GNU GPL version 3 or later <http://gnu.org/licenses/gpl.html>
# This is free software: you are free to change and redistribute it.
# There is NO WARRANTY, to the extent permitted by law.

# Make data base, printed on Wed May 18 16:53:55 2022

# Variables

# 'override' directive
GNUMAKEFLAGS := 
# automatic
<D = $(patsubst %/,%,$(patsubst %\,%,$(dir $<)))
# automatic
?F = $(notdir $?)
# default
.SHELLFLAGS := -c
# makefile
MAKEFLAGS = pqrR
# environment
VSCODE_LOG_NATIVE = false
# automatic
?D = $(patsubst %/,%,$(patsubst %\,%,$(dir $?)))
# environment
GRADLE_HOME = C:\ProgramData\chocolatey\lib\gradle\tools\gradle-7.2
# automatic
@D = $(patsubst %/,%,$(patsubst %\,%,$(dir $@)))
# environment
HOMEDRIVE = C:
# automatic
@F = $(notdir $@)
# automatic
^D = $(patsubst %/,%,$(patsubst %\,%,$(dir $^)))
# makefile
CURDIR := e:/project/xfsgo
# default
SHELL := D:/software/Git/bin/sh.exe
# environment
WINDIR = C:\Windows
# environment
VSCODE_NLS_CONFIG = {"locale":"zh-cn","availableLanguages":{"*":"zh-cn"},"_languagePackId":"a78078f10f99ab7adc9063c14c25e7ae.zh-cn","_translationsConfigFile":"C:\\Users\\MSI\\AppData\\Roaming\\Code\\clp\\a78078f10f99ab7adc9063c14c25e7ae.zh-cn\\tcf.json","_cacheRoot":"C:\\Users\\MSI\\AppData\\Roaming\\Code\\clp\\a78078f10f99ab7adc9063c14c25e7ae.zh-cn","_resolvedLanguagePackCoreLocation":"C:\\Users\\MSI\\AppData\\Roaming\\Code\\clp\\a78078f10f99ab7adc9063c14c25e7ae.zh-cn\\da15b6fd3ef856477bf6f4fb29ba1b7af717770d","_corruptedFile":"C:\\Users\\MSI\\AppData\\Roaming\\Code\\clp\\a78078f10f99ab7adc9063c14c25e7ae.zh-cn\\corrupted.info","_languagePackSupport":true}
# environment
ONEDRIVE = C:\Users\MSI\OneDrive
# environment
MAVEN_HOME = C:\Program Files\apache-maven-3.8.3
# environment
PATHEXT = .COM;.EXE;.BAT;.CMD;.VBS;.VBE;.JS;.JSE;.WSF;.WSH;.MSC
# makefile (from 'Makefile', line 1)
MAKEFILE_LIST :=  Makefile
# environment
TMP = C:\Users\MSI\AppData\Local\Temp
# environment
VSCODE_AMD_ENTRYPOINT = vs/workbench/api/node/extensionHostProcess
# environment
VSCODE_VERBOSE_LOGGING = true
# environment
PROGRAMW6432 = C:\Program Files
# environment
PROGRAMDATA = C:\ProgramData
# environment
VSCODE_IPC_HOOK_EXTHOST = \\.\pipe\vscode-ipc-1f5909cc-7392-44e1-9984-4450100e0c50-sock
# makefile (from 'Makefile', line 9)
APP = xfsgo
# environment
VSCODE_CWD = D:\software\Microsoft VS Code
# environment
GOPROXY = https://goproxy.cn,direct
# environment
FLY_SOLC_0_8 = C:\Users\MSI\AppData\Roaming\npm\solcjs
# default
MAKE_HOST := x86_64-w64-mingw32
# environment
PATH = C:\Program Files\Common Files\Oracle\Java\javapath;C:\Program Files (x86)\Common Files\Oracle\Java\javapath;D:\software\Xshell6\;D:\software\WM16\bin\;C:\Windows\system32;C:\Windows;C:\Windows\System32\Wbem;C:\Windows\System32\WindowsPowerShell\v1.0\;C:\Windows\System32\OpenSSH\;C:\Program Files\Go\bin;D:\software\Git\cmd;C:\ProgramData\chocolatey\bin;C:\Program Files\nodejs\;E:\gopath\bin;D:\software\Git\bin;C:\Program Files (x86)\mingw64\bin;C:\Program Files\MySQL\MySQL Server 8.0\bin;"C:\Program Files\Java\jdk-11.0.13\bin;C:\Program Files\Java\jdk-11.0.13\jre\bin";C:\Program Files\apache-maven-3.8.3\bin;D:\software\Redis5.0.14\;C:\Program Files\Docker\Docker\resources\bin;C:\ProgramData\DockerDesktop\version-bin;C:\Users\MSI\.dnx\bin;C:\Program Files\Microsoft DNX\Dnvm\;D:\software\erl-24.1.7\bin;C:\Program Files\TortoiseGit\bin;C:\Users\MSI\AppData\Roaming\npm\node_modules\solc\node_modules;C:\netcat-win32-1.12;C:\Users\MSI\.cargo\bin;C:\Program Files\MySQL\MySQL Shell 8.0\bin\;C:\Users\MSI\AppData\Local\Microsoft\WindowsApps;C:\Users\MSI\go\bin;D:\software\Microsoft VS Code\bin;C:\Users\MSI\AppData\Roaming\npm;D:\software\GoLand 2021.2.4\bin;;D:\software\Graphviz\bin
# environment
COMMONPROGRAMW6432 = C:\Program Files\Common Files
# environment
ZES_ENABLE_SYSMAN = 1
# environment
CHOCOLATEYLASTPATHUPDATE = 132769233593885574
# environment
PROCESSOR_ARCHITECTURE = AMD64
# environment
USERPROFILE = C:\Users\MSI
# environment
CHOCOLATEYINSTALL = C:\ProgramData\chocolatey
# environment
ALLUSERSPROFILE = C:\ProgramData
# makefile (from 'Makefile', line 7)
GOPATH := E:\gopath
# environment
VSCODE_LOG_STACK = false
# environment
NUMBER_OF_PROCESSORS = 12
# environment
ELECTRON_RUN_AS_NODE = 1
# default
.FEATURES := target-specific order-only second-expansion else-if shortest-stem undefine oneshell archives jobserver output-sync
# automatic
%F = $(notdir $%)
# environment
CHROME_CRASHPAD_PIPE_NAME = \\.\pipe\crashpad_24052_XOSYDEDHBEYEMVUM
# environment
VSCODE_PIPE_LOGGING = true
# environment
COMPUTERNAME = DESKTOP-I9G97DS
# makefile (from 'Makefile', line 2)
PWD := 
# environment
PROGRAMFILES = C:\Program Files
# environment
GOLAND = D:\software\GoLand 2021.2.4\bin;
# default
.LOADED := 
# environment
DRIVERDATA = C:\Windows\System32\Drivers\DriverData
# environment
ORIGINAL_XDG_CURRENT_DESKTOP = undefined
# environment
USERNAME = MSI
# environment
PUBLIC = C:\Users\Public
# environment
GOMODCACHE = E:\gopath\pkg\mod
# environment
VSCODE_CODE_CACHE_PATH = C:\Users\MSI\AppData\Roaming\Code\CachedData\da15b6fd3ef856477bf6f4fb29ba1b7af717770d
# environment
APPLICATION_INSIGHTS_NO_DIAGNOSTIC_CHANNEL = 1
# environment
COMMONPROGRAMFILES = C:\Program Files\Common Files
# environment
LOGONSERVER = \\DESKTOP-I9G97DS
# makefile (from 'Makefile', line 4)
PREFIX = /usr/local
# environment
VSCODE_HANDLES_UNCAUGHT_ERRORS = true
# environment
USERDOMAIN = DESKTOP-I9G97DS
# environment
MAKELEVEL := 0
# default
MAKE = $(MAKE_COMMAND)
# default
MAKECMDGOALS := all
# environment
SBT_HOME = C:\Program Files (x86)\sbt\
# makefile (from 'Makefile', line 5)
BINDIR = ${PREFIX}/bin
# environment
JAVA_HOME = C:\Program Files\Java\jdk-11.0.13
# default
MAKE_VERSION := 4.2.1
# makefile
.DEFAULT_GOAL := all
# environment
PROGRAMFILES(X86) = C:\Program Files (x86)
# automatic
%D = $(patsubst %/,%,$(patsubst %\,%,$(dir $%)))
# environment
LOCALAPPDATA = C:\Users\MSI\AppData\Local
# environment
PSMODULEPATH = C:\Program Files\WindowsPowerShell\Modules;C:\Windows\system32\WindowsPowerShell\v1.0\Modules
# default
MAKE_COMMAND := make.exe
# default
.VARIABLES := 
# automatic
*F = $(notdir $*)
# environment
PROCESSOR_IDENTIFIER = Intel64 Family 6 Model 165 Stepping 3, GenuineIntel
# environment
OS = Windows_NT
# environment
VSCODE_IPC_HOOK = \\.\pipe\77953b33a777cf12028b38b926e214bb-1.67.1-main-sock
# environment
HOMEPATH = \Users\MSI
# environment
COMMONPROGRAMFILES(X86) = C:\Program Files (x86)\Common Files
# environment
PROMPT = $P$G
# environment
MFLAGS = -pqrR
# automatic
*D = $(patsubst %/,%,$(patsubst %\,%,$(dir $*)))
# environment
SYSTEMROOT = C:\Windows
# automatic
+D = $(patsubst %/,%,$(patsubst %\,%,$(dir $+)))
# automatic
+F = $(notdir $+)
# environment
APPDATA = C:\Users\MSI\AppData\Roaming
# environment
__COMPAT_LAYER = DetectorsAppHealth
# environment
TEMP = C:\Users\MSI\AppData\Local\Temp
# environment
COMSPEC = C:\Windows\system32\cmd.exe
# 'override' directive
.SHELLSTATUS := 0
# default
MAKEFILES := 
# environment
ERLANG_HOME = D:\software\erl-24.1.7
# automatic
<F = $(notdir $<)
# environment
LC_ALL = C
# automatic
^F = $(notdir $^)
# default
SUFFIXES := 
# environment
SYSTEMDRIVE = C:
# environment
SESSIONNAME = Console
# environment
PROCESSOR_REVISION = a503
# environment
VS140COMNTOOLS = D:\software\vs2015\Common7\Tools\
# default
.RECIPEPREFIX := 
# environment
LANG = C
# environment
PROCESSOR_LEVEL = 6
# environment
VSCODE_PID = 24052
# environment
USERDOMAIN_ROAMINGPROFILE = DESKTOP-I9G97DS
# variable set hash-table stats:
# Load=110/1024=11%, Rehash=0, Collisions=17/149=11%

# Pattern-specific Variable Values

# No pattern-specific variable values.

# Directories

# . (key e:/project/xfsgo, mtime 1652864034): 55 files, no impossibilities.

# 55 files, no impossibilities in 1 directories.

# Implicit Rules

# No implicit rules.

# Files

all: xfsgo
#  Command line target.
#  Implicit rule search has been done.
#  File does not exist.
#  File has been updated.
#  Needs to be updated (-q is set).
# variable set hash-table stats:
# Load=0/32=0%, Rehash=0, Collisions=0/4=0%

.PHONY: devtools precheck test install clean xfsgo
#  Implicit rule search has not been done.
#  Modification time never checked.
#  File has not been updated.

devtools:
#  Phony target (prerequisite of .PHONY).
#  Implicit rule search has not been done.
#  File does not exist.
#  File has not been updated.
#  recipe to execute (from 'Makefile', line 18):
	@go install github.com/golangci/golangci-lint/cmd/golangci-lint@v1.43.0 1>/dev/null

# Not a target:
.SUFFIXES:
#  Implicit rule search has not been done.
#  Modification time never checked.
#  File has not been updated.

# Not a target:
Makefile:
#  Implicit rule search has been done.
#  Last modified 2022-05-18 16:53:25
#  File has been updated.
#  Successfully updated.

test: precheck
#  Phony target (prerequisite of .PHONY).
#  Implicit rule search has not been done.
#  File does not exist.
#  File has not been updated.
#  recipe to execute (from 'Makefile', line 24):
	@go test ./...
	@echo "Test successful"

# Not a target:
.DEFAULT:
#  Implicit rule search has not been done.
#  Modification time never checked.
#  File has not been updated.

clean:
#  Phony target (prerequisite of .PHONY).
#  Implicit rule search has not been done.
#  File does not exist.
#  File has not been updated.
#  recipe to execute (from 'Makefile', line 33):
	@go clean -cache
	@rm -f ${PWD}/${APP}
	@echo "Already clear build cache files"

precheck: devtools
#  Phony target (prerequisite of .PHONY).
#  Implicit rule search has not been done.
#  File does not exist.
#  File has not been updated.
#  recipe to execute (from 'Makefile', line 21):
	@${GOPATH}/bin/golangci-lint run 1>/dev/null

xfsgo:
#  Phony target (prerequisite of .PHONY).
#  Implicit rule search has not been done.
#  Implicit/static pattern stem: ''
#  File does not exist.
#  File has been updated.
#  Needs to be updated (-q is set).
# automatic
# @ := xfsgo
# automatic
# % := 
# automatic
# * := 
# automatic
# + := 
# automatic
# | := 
# automatic
# < := 
# automatic
# ^ := 
# automatic
# ? := 
# variable set hash-table stats:
# Load=8/32=25%, Rehash=0, Collisions=1/14=7%
#  recipe to execute (from 'Makefile', line 14):
	@go build -o $(PWD)/$@ ./cmd/$@
	@echo "Build successful"

install:
#  Phony target (prerequisite of .PHONY).
#  Implicit rule search has not been done.
#  File does not exist.
#  File has not been updated.
#  recipe to execute (from 'Makefile', line 28):
	@cp ${PWD}/${APP} ${BINDIR}/${APP}
	@chmod 755 ${BINDIR}/${APP}
	@echo "Installation succeeded"

# files hash-table stats:
# Load=11/1024=1%, Rehash=0, Collisions=0/34=0%
# VPATH Search Paths

# No 'vpath' search paths.

# No general ('VPATH' variable) search path.

# strcache buffers: 1 (0) / strings = 64 / storage = 573 B / avg = 8 B
# current buf: size = 8162 B / used = 573 B / count = 64 / avg = 8 B

# strcache performance: lookups = 89 / hit rate = 28%
# hash-table stats:
# Load=64/8192=1%, Rehash=0, Collisions=1/89=1%
# Finished Make data base on Wed May 18 16:53:55 2022

 
